<?xml version="1.0" encoding="UTF-8"?>
<!-- Generated by org.testng.reporters.JUnitReportReporter -->
<testsuite hostname="Megamind-PC" name="Demo.NewTest" tests="1" failures="0" timestamp="24 Mar 2018 19:12:36 GMT" time="0.023" errors="0">
  <testcase name="firstMethod" time="0.023" classname="Demo.NewTest"/>
</testsuite> <!-- Demo.NewTest -->
